<?xml version="1.0" encoding="UTF-8"?>
<coverage generated="1511159343334" clover="3.2.0">
  <project timestamp="1511159343334" name="All files">
    <metrics statements="10" coveredstatements="10" conditionals="2" coveredconditionals="1" methods="2" coveredmethods="2" elements="14" coveredelements="13" complexity="0" loc="10" ncloc="10" packages="1" files="1" classes="1">
      <file name="generatePattern.js" path="C:\Users\True\homework\generatePattern.js">
        <metrics statements="10" coveredstatements="10" conditionals="2" coveredconditionals="1" methods="2" coveredmethods="2"/>
        <line num="2" count="1" type="stmt"/>
        <line num="3" count="10" type="stmt"/>
        <line num="4" count="10" type="stmt"/>
        <line num="5" count="19" type="stmt"/>
        <line num="7" count="10" type="stmt"/>
        <line num="9" count="1" type="stmt"/>
        <line num="10" count="3" type="cond" truecount="1" falsecount="1"/>
        <line num="11" count="3" type="stmt"/>
        <line num="12" count="3" type="stmt"/>
        <line num="14" count="1" type="stmt"/>
      </file>
    </metrics>
  </project>
</coverage>
