{"C:\\Users\\True\\homework\\generatePattern.js": {"path":"C:\\Users\\True\\homework\\generatePattern.js","statementMap":{"0":{"start":{"line":2,"column":21},"end":{"line":8,"column":1}},"1":{"start":{"line":3,"column":16},"end":{"line":3,"column":18}},"2":{"start":{"line":4,"column":4},"end":{"line":6,"column":5}},"3":{"start":{"line":5,"column":9},"end":{"line":5,"column":29}},"4":{"start":{"line":7,"column":4},"end":{"line":7,"column":29}},"5":{"start":{"line":9,"column":24},"end":{"line":13,"column":5}},"6":{"start":{"line":10,"column":4},"end":{"line":10,"column":42}},"7":{"start":{"line":10,"column":29},"end":{"line":10,"column":41}},"8":{"start":{"line":11,"column":28},"end":{"line":11,"column":50}},"9":{"start":{"line":12,"column":8},"end":{"line":12,"column":39}},"10":{"start":{"line":14,"column":0},"end":{"line":14,"column":33}}},"fnMap":{"0":{"name":"(anonymous_0)","decl":{"start":{"line":2,"column":21},"end":{"line":2,"column":22}},"loc":{"start":{"line":2,"column":29},"end":{"line":8,"column":1}},"line":2},"1":{"name":"(anonymous_1)","decl":{"start":{"line":9,"column":24},"end":{"line":9,"column":25}},"loc":{"start":{"line":9,"column":34},"end":{"line":13,"column":5}},"line":9}},"branchMap":{"0":{"loc":{"start":{"line":10,"column":4},"end":{"line":10,"column":42}},"type":"if","locations":[{"start":{"line":10,"column":4},"end":{"line":10,"column":42}},{"start":{"line":10,"column":4},"end":{"line":10,"column":42}}],"line":10}},"s":{"0":1,"1":10,"2":10,"3":19,"4":10,"5":1,"6":3,"7":0,"8":3,"9":3,"10":1},"f":{"0":10,"1":3},"b":{"0":[0,3]},"_coverageSchema":"332fd63041d2c1bcb487cc26dd0d5f7d97098a6c","hash":"48834d6c6a51fd79c76f19e6ae93fa65f4001cad"}
}
